[2022-01-04 10:04:00.739] [main] [info] update#setState idle
[2022-01-04 10:04:00.829] [main] [info] ExtensionHostStarterWorker created
[2022-01-04 10:04:01.881] [main] [info] Starting extension host with pid 5372 (fork() took 14 ms).
[2022-01-04 10:04:30.743] [main] [info] update#setState checking for updates
[2022-01-04 10:04:30.824] [main] [info] update#setState idle
[2022-01-04 11:04:30.746] [main] [info] update#setState checking for updates
[2022-01-04 11:04:31.649] [main] [info] update#setState idle
[2022-01-04 12:04:30.824] [main] [info] update#setState checking for updates
[2022-01-04 12:04:31.212] [main] [info] update#setState idle
[2022-01-04 13:04:35.853] [main] [info] update#setState checking for updates
[2022-01-04 13:04:36.265] [main] [info] update#setState idle
[2022-01-04 14:04:35.857] [main] [info] update#setState checking for updates
[2022-01-04 14:04:36.983] [main] [info] update#setState idle
[2022-01-04 15:04:35.957] [main] [info] update#setState checking for updates
[2022-01-04 15:04:36.296] [main] [info] update#setState idle
[2022-01-04 16:04:36.058] [main] [info] update#setState checking for updates
[2022-01-04 16:04:36.364] [main] [info] update#setState idle
[2022-01-04 17:04:36.160] [main] [info] update#setState checking for updates
[2022-01-04 17:04:37.276] [main] [info] update#setState idle
[2022-01-04 17:19:54.314] [main] [info] Waiting for extension host with pid 5372 to exit.
[2022-01-04 17:19:54.351] [main] [info] Extension host with pid 5372 exited with code: 0, signal: null.
