[2022-01-05 10:18:16.676] [main] [info] update#setState idle
[2022-01-05 10:18:16.781] [main] [info] ExtensionHostStarterWorker created
[2022-01-05 10:18:17.961] [main] [info] Starting extension host with pid 6145 (fork() took 11 ms).
[2022-01-05 10:18:46.685] [main] [info] update#setState checking for updates
[2022-01-05 10:18:46.921] [main] [info] update#setState idle
[2022-01-05 11:18:46.688] [main] [info] update#setState checking for updates
[2022-01-05 11:18:47.564] [main] [info] update#setState idle
[2022-01-05 12:18:46.789] [main] [info] update#setState checking for updates
[2022-01-05 12:18:47.759] [main] [info] update#setState idle
[2022-01-05 13:18:46.889] [main] [info] update#setState checking for updates
[2022-01-05 13:18:47.198] [main] [info] update#setState idle
[2022-01-05 14:18:46.895] [main] [info] update#setState checking for updates
[2022-01-05 14:18:47.440] [main] [info] update#setState idle
[2022-01-05 15:18:46.997] [main] [info] update#setState checking for updates
[2022-01-05 15:18:47.313] [main] [info] update#setState idle
[2022-01-05 16:18:47.099] [main] [info] update#setState checking for updates
[2022-01-05 16:18:47.427] [main] [info] update#setState idle
[2022-01-05 17:18:47.201] [main] [info] update#setState checking for updates
[2022-01-05 17:18:51.857] [main] [info] update#setState idle
[2022-01-05 17:27:03.186] [main] [info] Waiting for extension host with pid 6145 to exit.
[2022-01-05 17:27:03.244] [main] [info] Extension host with pid 6145 exited with code: 0, signal: null.
