[2022-01-10 10:55:07.616] [exthost] [info] Extension host with pid 7708 started
[2022-01-10 10:55:07.616] [exthost] [info] Skipping acquiring lock for /home/vidhi/.config/Code/User/workspaceStorage/4de7b2637f661aadd8c366b4b46c69de.
[2022-01-10 10:55:07.871] [exthost] [info] ExtensionService#_doActivateExtension vscode.microsoft-authentication, startup: false, activationEvent: 'onAuthenticationRequest:microsoft'
[2022-01-10 10:55:07.905] [exthost] [info] ExtensionService#_doActivateExtension vscode.typescript-language-features, startup: false, activationEvent: 'onLanguage:javascript'
[2022-01-10 10:55:07.929] [exthost] [info] ExtensionService#_doActivateExtension vscode.debug-auto-launch, startup: true, activationEvent: '*'
[2022-01-10 10:55:07.933] [exthost] [info] ExtensionService#_doActivateExtension vscode.git-base, startup: true, activationEvent: '*', root cause: vscode.github
[2022-01-10 10:55:07.938] [exthost] [info] ExtensionService#_doActivateExtension ritwickdey.LiveServer, startup: true, activationEvent: '*'
[2022-01-10 10:55:08.801] [exthost] [info] ExtensionService#_doActivateExtension zhuangtongfa.material-theme, startup: true, activationEvent: '*'
[2022-01-10 10:55:09.554] [exthost] [info] ExtensionService#_doActivateExtension vscode.github-authentication, startup: false, activationEvent: 'onAuthenticationRequest:github'
[2022-01-10 10:55:09.623] [exthost] [info] ExtensionService#_doActivateExtension vscode.git, startup: true, activationEvent: '*'
[2022-01-10 10:55:09.698] [exthost] [info] ExtensionService#_doActivateExtension vscode.github, startup: true, activationEvent: '*'
[2022-01-10 10:55:09.807] [exthost] [info] Eager extensions activated
[2022-01-10 10:55:09.971] [exthost] [info] ExtensionService#_doActivateExtension vscode.emmet, startup: false, activationEvent: 'onStartupFinished'
[2022-01-10 10:55:09.997] [exthost] [info] ExtensionService#_doActivateExtension vscode.merge-conflict, startup: false, activationEvent: 'onStartupFinished'
[2022-01-10 10:55:10.024] [exthost] [info] ExtensionService#_doActivateExtension esbenp.prettier-vscode, startup: false, activationEvent: 'onStartupFinished'
[2022-01-10 10:55:56.736] [exthost] [info] ExtensionService#_doActivateExtension vscode.html-language-features, startup: false, activationEvent: 'onLanguage:html'
[2022-01-10 10:55:58.482] [exthost] [error] [vscode.html-language-features] provider FAILED
[2022-01-10 10:55:58.486] [exthost] [error] Canceled: Canceled
	at b.makeCancelError (/usr/share/code/resources/app/extensions/html-language-features/client/dist/node/htmlClientMain.js:1:469158)
	at b.handleFailedRequest (/usr/share/code/resources/app/extensions/html-language-features/client/dist/node/htmlClientMain.js:1:469009)
	at /usr/share/code/resources/app/extensions/html-language-features/client/dist/node/htmlClientMain.js:1:429224
	at async o.provideHover (/usr/share/code/resources/app/out/vs/workbench/services/extensions/node/extensionHostProcess.js:95:90908)
[2022-01-10 14:40:53.551] [exthost] [info] extension host terminating: renderer closed the socket
[2022-01-10 14:40:53.594] [exthost] [info] Extension host with pid 7708 exiting with code 0
