[2022-01-03 14:55:25.314] [exthost] [info] Extension host with pid 11033 started
[2022-01-03 14:55:25.358] [exthost] [info] ExtensionService#_doActivateExtension vscode.microsoft-authentication, startup: false, activationEvent: 'onAuthenticationRequest:microsoft'
[2022-01-03 14:55:25.406] [exthost] [info] ExtensionService#_doActivateExtension vscode.debug-auto-launch, startup: true, activationEvent: '*'
[2022-01-03 14:55:25.411] [exthost] [info] ExtensionService#_doActivateExtension vscode.git-base, startup: true, activationEvent: '*', root cause: vscode.github
[2022-01-03 14:55:25.474] [exthost] [info] ExtensionService#_doActivateExtension vscode.git, startup: true, activationEvent: '*'
[2022-01-03 14:55:25.587] [exthost] [info] ExtensionService#_doActivateExtension vscode.github, startup: true, activationEvent: '*'
[2022-01-03 14:55:25.637] [exthost] [info] Eager extensions activated
[2022-01-03 14:55:25.649] [exthost] [info] ExtensionService#_doActivateExtension vscode.emmet, startup: false, activationEvent: 'onStartupFinished'
[2022-01-03 14:55:25.678] [exthost] [info] ExtensionService#_doActivateExtension vscode.merge-conflict, startup: false, activationEvent: 'onStartupFinished'
[2022-01-03 14:55:25.690] [exthost] [info] ExtensionService#_doActivateExtension vscode.github-authentication, startup: false, activationEvent: 'onAuthenticationRequest:github'
[2022-01-03 14:55:41.263] [exthost] [info] ExtensionService#_doActivateExtension vscode.configuration-editing, startup: false, activationEvent: 'onLanguage:jsonc'
[2022-01-03 14:55:41.271] [exthost] [info] ExtensionService#_doActivateExtension vscode.json-language-features, startup: false, activationEvent: 'onLanguage:jsonc'
[2022-01-03 14:55:41.359] [exthost] [info] ExtensionService#_doActivateExtension vscode.typescript-language-features, startup: false, activationEvent: 'onLanguage:jsonc'
[2022-01-03 15:06:05.950] [exthost] [info] extension host terminating: renderer closed the socket
[2022-01-03 15:06:05.958] [exthost] [info] Extension host with pid 11033 exiting with code 0
[2022-01-03 15:06:07.900] [exthost] [info] Extension host with pid 14741 started
[2022-01-03 15:06:07.900] [exthost] [info] Skipping acquiring lock for /home/vidhi/.config/Code/User/workspaceStorage/c3001972b0758faedf2cebea87638d1b.
[2022-01-03 15:06:07.995] [exthost] [info] ExtensionService#_doActivateExtension vscode.microsoft-authentication, startup: false, activationEvent: 'onAuthenticationRequest:microsoft'
[2022-01-03 15:06:08.007] [exthost] [info] ExtensionService#_doActivateExtension vscode.debug-auto-launch, startup: true, activationEvent: '*'
[2022-01-03 15:06:08.010] [exthost] [info] ExtensionService#_doActivateExtension vscode.git-base, startup: true, activationEvent: '*', root cause: vscode.github
[2022-01-03 15:06:08.092] [exthost] [info] ExtensionService#_doActivateExtension vscode.github, startup: true, activationEvent: '*'
[2022-01-03 15:06:08.099] [exthost] [info] Eager extensions activated
[2022-01-03 15:06:08.104] [exthost] [info] ExtensionService#_doActivateExtension vscode.emmet, startup: false, activationEvent: 'onStartupFinished'
[2022-01-03 15:06:08.111] [exthost] [info] ExtensionService#_doActivateExtension vscode.merge-conflict, startup: false, activationEvent: 'onStartupFinished'
[2022-01-03 15:06:08.172] [exthost] [info] ExtensionService#_doActivateExtension vscode.github-authentication, startup: false, activationEvent: 'onAuthenticationRequest:github'
[2022-01-03 15:06:09.371] [exthost] [info] ExtensionService#_doActivateExtension vscode.git, startup: false, activationEvent: 'api', root cause: vscode.github
[2022-01-03 15:06:20.602] [exthost] [info] ExtensionService#_doActivateExtension vscode.css-language-features, startup: false, activationEvent: 'onLanguage:css'
[2022-01-03 16:27:08.837] [exthost] [info] ExtensionService#_doActivateExtension vscode.typescript-language-features, startup: false, activationEvent: 'onLanguage:javascript'
[2022-01-03 16:28:05.248] [exthost] [info] extension host terminating: renderer closed the socket
[2022-01-03 16:28:05.277] [exthost] [info] Extension host with pid 14741 exiting with code 0
[2022-01-03 16:28:07.064] [exthost] [info] Extension host with pid 21767 started
[2022-01-03 16:28:07.064] [exthost] [info] Skipping acquiring lock for /home/vidhi/.config/Code/User/workspaceStorage/4de7b2637f661aadd8c366b4b46c69de.
[2022-01-03 16:28:07.163] [exthost] [info] ExtensionService#_doActivateExtension vscode.microsoft-authentication, startup: false, activationEvent: 'onAuthenticationRequest:microsoft'
[2022-01-03 16:28:07.172] [exthost] [info] ExtensionService#_doActivateExtension vscode.debug-auto-launch, startup: true, activationEvent: '*'
[2022-01-03 16:28:07.173] [exthost] [info] ExtensionService#_doActivateExtension vscode.git-base, startup: true, activationEvent: '*', root cause: vscode.github
[2022-01-03 16:28:07.244] [exthost] [info] ExtensionService#_doActivateExtension vscode.github, startup: true, activationEvent: '*'
[2022-01-03 16:28:07.256] [exthost] [info] Eager extensions activated
[2022-01-03 16:28:07.259] [exthost] [info] ExtensionService#_doActivateExtension vscode.emmet, startup: false, activationEvent: 'onStartupFinished'
[2022-01-03 16:28:07.265] [exthost] [info] ExtensionService#_doActivateExtension vscode.merge-conflict, startup: false, activationEvent: 'onStartupFinished'
[2022-01-03 16:28:07.271] [exthost] [info] ExtensionService#_doActivateExtension vscode.github-authentication, startup: false, activationEvent: 'onAuthenticationRequest:github'
[2022-01-03 16:28:14.525] [exthost] [info] ExtensionService#_doActivateExtension vscode.git, startup: false, activationEvent: 'api', root cause: vscode.github
[2022-01-03 16:29:04.380] [exthost] [info] ExtensionService#_doActivateExtension vscode.typescript-language-features, startup: false, activationEvent: 'onLanguage:javascript'
[2022-01-03 16:30:59.385] [exthost] [info] ExtensionService#_doActivateExtension vscode.configuration-editing, startup: false, activationEvent: 'onLanguage:jsonc'
[2022-01-03 16:30:59.388] [exthost] [info] ExtensionService#_doActivateExtension vscode.json-language-features, startup: false, activationEvent: 'onLanguage:jsonc'
[2022-01-03 16:40:54.253] [exthost] [info] ExtensionService#_doActivateExtension vscode.html-language-features, startup: false, activationEvent: 'onLanguage:html'
[2022-01-03 16:42:36.367] [exthost] [info] ExtensionService#_doActivateExtension ritwickdey.LiveServer, startup: false, activationEvent: '*'
[2022-01-03 16:49:36.020] [exthost] [info] ExtensionService#_doActivateExtension vscode.extension-editing, startup: false, activationEvent: 'onLanguage:json'
[2022-01-03 16:49:36.045] [exthost] [info] ExtensionService#_doActivateExtension vscode.npm, startup: false, activationEvent: 'onLanguage:json'
[2022-01-03 16:49:36.283] [exthost] [info] ExtensionService#_doActivateExtension zhuangtongfa.material-theme, startup: false, activationEvent: '*'
[2022-01-03 17:54:29.775] [exthost] [info] extension host terminating: renderer closed the socket
[2022-01-03 17:54:29.800] [exthost] [info] Extension host with pid 21767 exiting with code 0
